<?xml version="1.0" encoding="UTF-8"?>
<testsuite xmlns:xsi="http://www.w3.org/2001/XMLSchema-instance" xsi:noNamespaceSchemaLocation="https://maven.apache.org/surefire/maven-surefire-plugin/xsd/surefire-test-report.xsd" name="net.waitman.AppTest" time="0.041" tests="1" errors="0" skipped="0" failures="0">
  <properties>
    <property name="java.specification.version" value="17"/>
    <property name="sun.jnu.encoding" value="UTF-8"/>
    <property name="java.class.path" value="/usr/home/waitman/MavenProjects/ldaptest/target/test-classes:/usr/home/waitman/MavenProjects/ldaptest/target/classes:/home/waitman/.m2/repository/junit/junit/4.13.2/junit-4.13.2.jar:/home/waitman/.m2/repository/org/hamcrest/hamcrest-core/1.3/hamcrest-core-1.3.jar:/home/waitman/.m2/repository/org/apache/directory/api/api-asn1-api/2.1.0/api-asn1-api-2.1.0.jar:/home/waitman/.m2/repository/org/apache/directory/api/api-i18n/2.1.0/api-i18n-2.1.0.jar:/home/waitman/.m2/repository/org/apache/directory/api/api-ldap-client-api/2.1.0/api-ldap-client-api-2.1.0.jar:/home/waitman/.m2/repository/org/apache/directory/api/api-ldap-codec-core/2.1.0/api-ldap-codec-core-2.1.0.jar:/home/waitman/.m2/repository/org/apache/directory/api/api-ldap-extras-codec-api/2.1.0/api-ldap-extras-codec-api-2.1.0.jar:/home/waitman/.m2/repository/org/apache/commons/commons-pool2/2.9.0/commons-pool2-2.9.0.jar:/home/waitman/.m2/repository/org/apache/mina/mina-core/2.1.3/mina-core-2.1.3.jar:/home/waitman/.m2/repository/org/apache/directory/api/api-ldap-extras-aci/2.1.0/api-ldap-extras-aci-2.1.0.jar:/home/waitman/.m2/repository/org/apache/servicemix/bundles/org.apache.servicemix.bundles.antlr/2.7.7_5/org.apache.servicemix.bundles.antlr-2.7.7_5.jar:/home/waitman/.m2/repository/org/apache/directory/api/api-ldap-model/2.1.0/api-ldap-model-2.1.0.jar:/home/waitman/.m2/repository/org/apache/directory/api/api-asn1-ber/2.1.0/api-asn1-ber-2.1.0.jar:/home/waitman/.m2/repository/org/apache/commons/commons-lang3/3.12.0/commons-lang3-3.12.0.jar:/home/waitman/.m2/repository/commons-codec/commons-codec/1.15/commons-codec-1.15.jar:/home/waitman/.m2/repository/org/apache/directory/api/api-ldap-schema-converter/2.1.0/api-ldap-schema-converter-2.1.0.jar:/home/waitman/.m2/repository/org/apache/directory/api/api-ldap-schema-data/2.1.0/api-ldap-schema-data-2.1.0.jar:/home/waitman/.m2/repository/org/apache/directory/api/api-util/2.1.0/api-util-2.1.0.jar:/home/waitman/.m2/repository/org/apache/directory/api/api-all/2.1.0/api-all-2.1.0.jar:/home/waitman/.m2/repository/org/apache/servicemix/bundles/org.apache.servicemix.bundles.xpp3/1.1.4c_7/org.apache.servicemix.bundles.xpp3-1.1.4c_7.jar:/home/waitman/.m2/repository/org/apache/servicemix/bundles/org.apache.servicemix.bundles.dom4j/2.1.3_1/org.apache.servicemix.bundles.dom4j-2.1.3_1.jar:/home/waitman/.m2/repository/antlr/antlr/2.7.7/antlr-2.7.7.jar:/home/waitman/.m2/repository/org/apache/commons/commons-collections4/4.4/commons-collections4-4.4.jar:/home/waitman/.m2/repository/org/slf4j/slf4j-log4j12/1.7.26/slf4j-log4j12-1.7.26.jar:/home/waitman/.m2/repository/log4j/log4j/1.2.17/log4j-1.2.17.jar:/home/waitman/.m2/repository/org/slf4j/slf4j-api/1.7.26/slf4j-api-1.7.26.jar:/home/waitman/.m2/repository/org/apache/directory/fortress/fortress-core/2.0.7-SNAPSHOT/fortress-core-2.0.7-SNAPSHOT.jar:/home/waitman/.m2/repository/org/apache/directory/api/api-ldap-extras-codec/2.1.0/api-ldap-extras-codec-2.1.0.jar:/home/waitman/.m2/repository/commons-configuration/commons-configuration/1.10/commons-configuration-1.10.jar:/home/waitman/.m2/repository/commons-lang/commons-lang/2.6/commons-lang-2.6.jar:/home/waitman/.m2/repository/commons-logging/commons-logging/1.1.1/commons-logging-1.1.1.jar:/home/waitman/.m2/repository/commons-io/commons-io/2.10.0/commons-io-2.10.0.jar:/home/waitman/.m2/repository/org/apache/httpcomponents/httpclient/4.5.13/httpclient-4.5.13.jar:/home/waitman/.m2/repository/org/apache/httpcomponents/httpcore/4.4.13/httpcore-4.4.13.jar:/home/waitman/.m2/repository/net/sf/ehcache/ehcache-core/2.6.11/ehcache-core-2.6.11.jar:/home/waitman/.m2/repository/org/apache/ant/ant/1.10.10/ant-1.10.10.jar:/home/waitman/.m2/repository/org/apache/ant/ant-launcher/1.10.10/ant-launcher-1.10.10.jar:/home/waitman/.m2/repository/org/jasypt/jasypt/1.9.3/jasypt-1.9.3.jar:/home/waitman/.m2/repository/org/jgrapht/jgrapht-core/1.4.0/jgrapht-core-1.4.0.jar:/home/waitman/.m2/repository/org/jheaps/jheaps/0.11/jheaps-0.11.jar:/home/waitman/.m2/repository/com/fasterxml/jackson/core/jackson-annotations/2.12.3/jackson-annotations-2.12.3.jar:/home/waitman/.m2/repository/org/openldap/accelerator-api/1.0-RC41/accelerator-api-1.0-RC41.jar:/home/waitman/.m2/repository/org/openldap/accelerator-impl/1.0-RC41/accelerator-impl-1.0-RC41.jar:/home/waitman/.m2/repository/javax/javaee-api/8.0.1/javaee-api-8.0.1.jar:/home/waitman/.m2/repository/com/sun/mail/javax.mail/1.6.2/javax.mail-1.6.2.jar:/home/waitman/.m2/repository/javax/activation/activation/1.1/activation-1.1.jar:/home/waitman/.m2/repository/javax/xml/bind/jaxb-api/2.3.0/jaxb-api-2.3.0.jar:"/>
    <property name="java.vm.vendor" value="OpenJDK BSD Porting Team"/>
    <property name="sun.arch.data.model" value="64"/>
    <property name="java.vendor.url" value="https://github.com/battleblow/jdk17/"/>
    <property name="os.name" value="FreeBSD"/>
    <property name="java.vm.specification.version" value="17"/>
    <property name="sun.java.launcher" value="SUN_STANDARD"/>
    <property name="user.country" value="US"/>
    <property name="sun.boot.library.path" value="/usr/local/openjdk17/lib"/>
    <property name="sun.java.command" value="/usr/home/waitman/MavenProjects/ldaptest/target/surefire/surefirebooter4861250232682266998.jar /usr/home/waitman/MavenProjects/ldaptest/target/surefire 2021-11-03T12-55-10_758-jvmRun1 surefire15394470599555815681tmp surefire_08376817894250206367tmp"/>
    <property name="jdk.debug" value="release"/>
    <property name="surefire.test.class.path" value="/usr/home/waitman/MavenProjects/ldaptest/target/test-classes:/usr/home/waitman/MavenProjects/ldaptest/target/classes:/home/waitman/.m2/repository/junit/junit/4.13.2/junit-4.13.2.jar:/home/waitman/.m2/repository/org/hamcrest/hamcrest-core/1.3/hamcrest-core-1.3.jar:/home/waitman/.m2/repository/org/apache/directory/api/api-asn1-api/2.1.0/api-asn1-api-2.1.0.jar:/home/waitman/.m2/repository/org/apache/directory/api/api-i18n/2.1.0/api-i18n-2.1.0.jar:/home/waitman/.m2/repository/org/apache/directory/api/api-ldap-client-api/2.1.0/api-ldap-client-api-2.1.0.jar:/home/waitman/.m2/repository/org/apache/directory/api/api-ldap-codec-core/2.1.0/api-ldap-codec-core-2.1.0.jar:/home/waitman/.m2/repository/org/apache/directory/api/api-ldap-extras-codec-api/2.1.0/api-ldap-extras-codec-api-2.1.0.jar:/home/waitman/.m2/repository/org/apache/commons/commons-pool2/2.9.0/commons-pool2-2.9.0.jar:/home/waitman/.m2/repository/org/apache/mina/mina-core/2.1.3/mina-core-2.1.3.jar:/home/waitman/.m2/repository/org/apache/directory/api/api-ldap-extras-aci/2.1.0/api-ldap-extras-aci-2.1.0.jar:/home/waitman/.m2/repository/org/apache/servicemix/bundles/org.apache.servicemix.bundles.antlr/2.7.7_5/org.apache.servicemix.bundles.antlr-2.7.7_5.jar:/home/waitman/.m2/repository/org/apache/directory/api/api-ldap-model/2.1.0/api-ldap-model-2.1.0.jar:/home/waitman/.m2/repository/org/apache/directory/api/api-asn1-ber/2.1.0/api-asn1-ber-2.1.0.jar:/home/waitman/.m2/repository/org/apache/commons/commons-lang3/3.12.0/commons-lang3-3.12.0.jar:/home/waitman/.m2/repository/commons-codec/commons-codec/1.15/commons-codec-1.15.jar:/home/waitman/.m2/repository/org/apache/directory/api/api-ldap-schema-converter/2.1.0/api-ldap-schema-converter-2.1.0.jar:/home/waitman/.m2/repository/org/apache/directory/api/api-ldap-schema-data/2.1.0/api-ldap-schema-data-2.1.0.jar:/home/waitman/.m2/repository/org/apache/directory/api/api-util/2.1.0/api-util-2.1.0.jar:/home/waitman/.m2/repository/org/apache/directory/api/api-all/2.1.0/api-all-2.1.0.jar:/home/waitman/.m2/repository/org/apache/servicemix/bundles/org.apache.servicemix.bundles.xpp3/1.1.4c_7/org.apache.servicemix.bundles.xpp3-1.1.4c_7.jar:/home/waitman/.m2/repository/org/apache/servicemix/bundles/org.apache.servicemix.bundles.dom4j/2.1.3_1/org.apache.servicemix.bundles.dom4j-2.1.3_1.jar:/home/waitman/.m2/repository/antlr/antlr/2.7.7/antlr-2.7.7.jar:/home/waitman/.m2/repository/org/apache/commons/commons-collections4/4.4/commons-collections4-4.4.jar:/home/waitman/.m2/repository/org/slf4j/slf4j-log4j12/1.7.26/slf4j-log4j12-1.7.26.jar:/home/waitman/.m2/repository/log4j/log4j/1.2.17/log4j-1.2.17.jar:/home/waitman/.m2/repository/org/slf4j/slf4j-api/1.7.26/slf4j-api-1.7.26.jar:/home/waitman/.m2/repository/org/apache/directory/fortress/fortress-core/2.0.7-SNAPSHOT/fortress-core-2.0.7-SNAPSHOT.jar:/home/waitman/.m2/repository/org/apache/directory/api/api-ldap-extras-codec/2.1.0/api-ldap-extras-codec-2.1.0.jar:/home/waitman/.m2/repository/commons-configuration/commons-configuration/1.10/commons-configuration-1.10.jar:/home/waitman/.m2/repository/commons-lang/commons-lang/2.6/commons-lang-2.6.jar:/home/waitman/.m2/repository/commons-logging/commons-logging/1.1.1/commons-logging-1.1.1.jar:/home/waitman/.m2/repository/commons-io/commons-io/2.10.0/commons-io-2.10.0.jar:/home/waitman/.m2/repository/org/apache/httpcomponents/httpclient/4.5.13/httpclient-4.5.13.jar:/home/waitman/.m2/repository/org/apache/httpcomponents/httpcore/4.4.13/httpcore-4.4.13.jar:/home/waitman/.m2/repository/net/sf/ehcache/ehcache-core/2.6.11/ehcache-core-2.6.11.jar:/home/waitman/.m2/repository/org/apache/ant/ant/1.10.10/ant-1.10.10.jar:/home/waitman/.m2/repository/org/apache/ant/ant-launcher/1.10.10/ant-launcher-1.10.10.jar:/home/waitman/.m2/repository/org/jasypt/jasypt/1.9.3/jasypt-1.9.3.jar:/home/waitman/.m2/repository/org/jgrapht/jgrapht-core/1.4.0/jgrapht-core-1.4.0.jar:/home/waitman/.m2/repository/org/jheaps/jheaps/0.11/jheaps-0.11.jar:/home/waitman/.m2/repository/com/fasterxml/jackson/core/jackson-annotations/2.12.3/jackson-annotations-2.12.3.jar:/home/waitman/.m2/repository/org/openldap/accelerator-api/1.0-RC41/accelerator-api-1.0-RC41.jar:/home/waitman/.m2/repository/org/openldap/accelerator-impl/1.0-RC41/accelerator-impl-1.0-RC41.jar:/home/waitman/.m2/repository/javax/javaee-api/8.0.1/javaee-api-8.0.1.jar:/home/waitman/.m2/repository/com/sun/mail/javax.mail/1.6.2/javax.mail-1.6.2.jar:/home/waitman/.m2/repository/javax/activation/activation/1.1/activation-1.1.jar:/home/waitman/.m2/repository/javax/xml/bind/jaxb-api/2.3.0/jaxb-api-2.3.0.jar:"/>
    <property name="sun.cpu.endian" value="little"/>
    <property name="user.home" value="/home/waitman"/>
    <property name="user.language" value="en"/>
    <property name="java.specification.vendor" value="Oracle Corporation"/>
    <property name="java.version.date" value="2021-09-14"/>
    <property name="java.home" value="/usr/local/openjdk17"/>
    <property name="file.separator" value="/"/>
    <property name="basedir" value="/usr/home/waitman/MavenProjects/ldaptest"/>
    <property name="java.vm.compressedOopsMode" value="Zero based"/>
    <property name="line.separator" value="&#10;"/>
    <property name="java.vm.specification.vendor" value="Oracle Corporation"/>
    <property name="java.specification.name" value="Java Platform API Specification"/>
    <property name="surefire.real.class.path" value="/usr/home/waitman/MavenProjects/ldaptest/target/surefire/surefirebooter4861250232682266998.jar"/>
    <property name="sun.management.compiler" value="HotSpot 64-Bit Tiered Compilers"/>
    <property name="java.runtime.version" value="17+35-1"/>
    <property name="user.name" value="waitman"/>
    <property name="java.net.preferIPv4Stack" value="true"/>
    <property name="path.separator" value=":"/>
    <property name="os.version" value="13.0-STABLE"/>
    <property name="java.runtime.name" value="OpenJDK Runtime Environment"/>
    <property name="file.encoding" value="UTF-8"/>
    <property name="java.vm.name" value="OpenJDK 64-Bit Server VM"/>
    <property name="localRepository" value="/home/waitman/.m2/repository"/>
    <property name="java.vendor.url.bug" value="https://bugs.freebsd.org/bugzilla/enter_bug.cgi?product=Ports%20%26%20Packages&amp;component=Individual%20Port(s)&amp;short_desc=java/openjdk17%3A%20"/>
    <property name="java.io.tmpdir" value="/tmp/"/>
    <property name="idea.version" value="2021.2.3"/>
    <property name="java.version" value="17"/>
    <property name="user.dir" value="/usr/home/waitman/MavenProjects/ldaptest"/>
    <property name="os.arch" value="amd64"/>
    <property name="java.vm.specification.name" value="Java Virtual Machine Specification"/>
    <property name="native.encoding" value="UTF-8"/>
    <property name="java.library.path" value="/usr/java/packages/lib/amd64:/usr/lib:/usr/local/lib"/>
    <property name="java.vm.info" value="mixed mode, sharing"/>
    <property name="java.vendor" value="OpenJDK BSD Porting Team"/>
    <property name="java.vm.version" value="17+35-1"/>
    <property name="sun.io.unicode.encoding" value="UnicodeLittle"/>
    <property name="java.class.version" value="61.0"/>
  </properties>
  <testcase name="shouldAnswerWithTrue" classname="net.waitman.AppTest" time="0.002"/>
</testsuite>